Array
(
)


{"orgId":1415400,"type":"user_availability_updated","data":{"userId":2127225,"availability":"AVAILABLE","updatedAt":1596652076324},"token":"3RFC7n3B8jKVo5C8XcKuMAF4N9XHIjpE"}Array
(
)


{"orgId":1415400,"type":"user_availability_updated","data":{"userId":2037618,"availability":"OFFLINE","updatedAt":1596650030647},"token":"3RFC7n3B8jKVo5C8XcKuMAF4N9XHIjpE"}Array
(
)


{"orgId":1415400,"type":"user_availability_updated","data":{"userId":2054459,"availability":"AVAILABLE","updatedAt":1596574945548},"token":"3RFC7n3B8jKVo5C8XcKuMAF4N9XHIjpE"}Array
(
)


{"orgId":1415400,"type":"user_availability_updated","data":{"userId":2037621,"availability":"OFFLINE","updatedAt":1596648004725},"token":"3RFC7n3B8jKVo5C8XcKuMAF4N9XHIjpE"}Array
(
)


{"orgId":1415400,"type":"user_availability_updated","data":{"userId":2127225,"availability":"OFFLINE","updatedAt":1596652262783},"token":"3RFC7n3B8jKVo5C8XcKuMAF4N9XHIjpE"}Array
(
)


{"orgId":1415400,"type":"user_availability_updated","data":{"userId":2088407,"availability":"AVAILABLE","updatedAt":1596632513512},"token":"3RFC7n3B8jKVo5C8XcKuMAF4N9XHIjpE"}Array
(
)


{"orgId":1415400,"type":"user_availability_updated","data":{"userId":2127225,"availability":"AVAILABLE","updatedAt":1596653629952},"token":"3RFC7n3B8jKVo5C8XcKuMAF4N9XHIjpE"}Array
(
)


{"orgId":1415400,"type":"user_availability_updated","data":{"userId":2037621,"availability":"AVAILABLE","updatedAt":1596653474899},"token":"3RFC7n3B8jKVo5C8XcKuMAF4N9XHIjpE"}Array
(
)


{"orgId":1415400,"type":"user_availability_updated","data":{"userId":2115109,"availability":"OFFLINE","updatedAt":1596633098711},"token":"3RFC7n3B8jKVo5C8XcKuMAF4N9XHIjpE"}Array
(
)


{"orgId":1415400,"type":"user_availability_updated","data":{"userId":2037618,"availability":"AVAILABLE","updatedAt":1596653414180},"token":"3RFC7n3B8jKVo5C8XcKuMAF4N9XHIjpE"}Array
(
)


{"orgId":1415400,"type":"user_availability_updated","data":{"userId":2088407,"availability":"OFFLINE","updatedAt":1596655353973},"token":"3RFC7n3B8jKVo5C8XcKuMAF4N9XHIjpE"}Array
(
)


{"orgId":1415400,"type":"user_availability_updated","data":{"userId":2037618,"availability":"OFFLINE","updatedAt":1596658983515},"token":"3RFC7n3B8jKVo5C8XcKuMAF4N9XHIjpE"}Array
(
)


{"orgId":1415400,"type":"user_availability_updated","data":{"userId":2054459,"availability":"OFFLINE","updatedAt":1596653456060},"token":"3RFC7n3B8jKVo5C8XcKuMAF4N9XHIjpE"}Array
(
)


{"orgId":1415400,"type":"user_availability_updated","data":{"userId":2115110,"availability":"AVAILABLE","updatedAt":1596599807473},"token":"3RFC7n3B8jKVo5C8XcKuMAF4N9XHIjpE"}Array
(
)


{"orgId":1415400,"type":"user_availability_updated","data":{"userId":2115111,"availability":"AVAILABLE","updatedAt":1596599798848},"token":"3RFC7n3B8jKVo5C8XcKuMAF4N9XHIjpE"}Array
(
)


{"orgId":1415400,"type":"user_availability_updated","data":{"userId":2115111,"availability":"OFFLINE","updatedAt":1596661880480},"token":"3RFC7n3B8jKVo5C8XcKuMAF4N9XHIjpE"}Array
(
)


{"orgId":1415400,"type":"user_availability_updated","data":{"userId":2037627,"availability":"OFFLINE","updatedAt":1596637650547},"token":"3RFC7n3B8jKVo5C8XcKuMAF4N9XHIjpE"}Array
(
)


{"orgId":1415400,"type":"user_availability_updated","data":{"userId":2115111,"availability":"AVAILABLE","updatedAt":1596663236767},"token":"3RFC7n3B8jKVo5C8XcKuMAF4N9XHIjpE"}Array
(
)


{"orgId":1415400,"type":"user_availability_updated","data":{"userId":2115111,"availability":"OFFLINE","updatedAt":1596664797620},"token":"3RFC7n3B8jKVo5C8XcKuMAF4N9XHIjpE"}Array
(
)


{"orgId":1415400,"type":"user_availability_updated","data":{"userId":2115111,"availability":"AVAILABLE","updatedAt":1596665575231},"token":"3RFC7n3B8jKVo5C8XcKuMAF4N9XHIjpE"}Array
(
)


{"orgId":1415400,"type":"user_availability_updated","data":{"userId":2115111,"availability":"OFFLINE","updatedAt":1596665697879},"token":"3RFC7n3B8jKVo5C8XcKuMAF4N9XHIjpE"}Array
(
)


{"orgId":1415400,"type":"user_availability_updated","data":{"userId":2115111,"availability":"AVAILABLE","updatedAt":1596666370770},"token":"3RFC7n3B8jKVo5C8XcKuMAF4N9XHIjpE"}Array
(
)


{"orgId":1415400,"type":"user_availability_updated","data":{"userId":2115111,"availability":"OFFLINE","updatedAt":1596667113301},"token":"3RFC7n3B8jKVo5C8XcKuMAF4N9XHIjpE"}Array
(
)


{"orgId":1415400,"type":"user_availability_updated","data":{"userId":2127225,"availability":"OFFLINE","updatedAt":1596655611769},"token":"3RFC7n3B8jKVo5C8XcKuMAF4N9XHIjpE"}Array
(
)


{"orgId":1415400,"type":"user_availability_updated","data":{"userId":2115111,"availability":"AVAILABLE","updatedAt":1596678219551},"token":"3RFC7n3B8jKVo5C8XcKuMAF4N9XHIjpE"}Array
(
)


{"orgId":1415400,"type":"user_availability_updated","data":{"userId":2115111,"availability":"OFFLINE","updatedAt":1596679901197},"token":"3RFC7n3B8jKVo5C8XcKuMAF4N9XHIjpE"}Array
(
)


{"orgId":1415400,"type":"user_availability_updated","data":{"userId":2115110,"availability":"OFFLINE","updatedAt":1596661730826},"token":"3RFC7n3B8jKVo5C8XcKuMAF4N9XHIjpE"}Array
(
)


{"orgId":1415400,"type":"user_availability_updated","data":{"userId":2115108,"availability":"AVAILABLE","updatedAt":1596631471170},"token":"3RFC7n3B8jKVo5C8XcKuMAF4N9XHIjpE"}Array
(
)


{"orgId":1415400,"type":"user_availability_updated","data":{"userId":2115108,"availability":"OFFLINE","updatedAt":1596711644190},"token":"3RFC7n3B8jKVo5C8XcKuMAF4N9XHIjpE"}Array
(
)


{"orgId":1415400,"type":"user_availability_updated","data":{"userId":2054460,"availability":"AVAILABLE","updatedAt":1596470087724},"token":"3RFC7n3B8jKVo5C8XcKuMAF4N9XHIjpE"}Array
(
)


{"orgId":1415400,"type":"user_availability_updated","data":{"userId":2054462,"availability":"AVAILABLE","updatedAt":1596649407580},"token":"3RFC7n3B8jKVo5C8XcKuMAF4N9XHIjpE"}Array
(
)


{"orgId":1415400,"type":"user_availability_updated","data":{"userId":2054460,"availability":"OFFLINE","updatedAt":1596718845782},"token":"3RFC7n3B8jKVo5C8XcKuMAF4N9XHIjpE"}Array
(
)


{"orgId":1415400,"type":"user_availability_updated","data":{"userId":2037627,"availability":"AVAILABLE","updatedAt":1596664128839},"token":"3RFC7n3B8jKVo5C8XcKuMAF4N9XHIjpE"}Array
(
)


{"orgId":1415400,"type":"user_availability_updated","data":{"userId":2127225,"availability":"AVAILABLE","updatedAt":1596678707901},"token":"3RFC7n3B8jKVo5C8XcKuMAF4N9XHIjpE"}Array
(
)


{"orgId":1415400,"type":"user_availability_updated","data":{"userId":2054462,"availability":"OFFLINE","updatedAt":1596718947429},"token":"3RFC7n3B8jKVo5C8XcKuMAF4N9XHIjpE"}Array
(
)


{"orgId":1415400,"type":"user_availability_updated","data":{"userId":2054460,"availability":"AVAILABLE","updatedAt":1596720355968},"token":"3RFC7n3B8jKVo5C8XcKuMAF4N9XHIjpE"}Array
(
)


{"orgId":1415400,"type":"user_availability_updated","data":{"userId":2088407,"availability":"AVAILABLE","updatedAt":1596659732643},"token":"3RFC7n3B8jKVo5C8XcKuMAF4N9XHIjpE"}Array
(
)


{"orgId":1415400,"type":"user_availability_updated","data":{"userId":2054462,"availability":"AVAILABLE","updatedAt":1596722769168},"token":"3RFC7n3B8jKVo5C8XcKuMAF4N9XHIjpE"}Array
(
)


{"orgId":1415400,"type":"user_availability_updated","data":{"userId":2054460,"availability":"OFFLINE","updatedAt":1596722936469},"token":"3RFC7n3B8jKVo5C8XcKuMAF4N9XHIjpE"}Array
(
)


{"orgId":1415400,"type":"user_availability_updated","data":{"userId":2037621,"availability":"OFFLINE","updatedAt":1596656637504},"token":"3RFC7n3B8jKVo5C8XcKuMAF4N9XHIjpE"}Array
(
)


{"orgId":1415400,"type":"user_availability_updated","data":{"userId":2127225,"availability":"OFFLINE","updatedAt":1596722649011},"token":"3RFC7n3B8jKVo5C8XcKuMAF4N9XHIjpE"}Array
(
)


{"orgId":1415400,"type":"user_availability_updated","data":{"userId":2054462,"availability":"OFFLINE","updatedAt":1596726154867},"token":"3RFC7n3B8jKVo5C8XcKuMAF4N9XHIjpE"}Array
(
)


{"orgId":1415400,"type":"user_availability_updated","data":{"userId":2058758,"availability":"AVAILABLE","updatedAt":1596229434342},"token":"3RFC7n3B8jKVo5C8XcKuMAF4N9XHIjpE"}Array
(
)


{"orgId":1415400,"type":"user_availability_updated","data":{"userId":2054463,"availability":"AVAILABLE","updatedAt":1596574362531},"token":"3RFC7n3B8jKVo5C8XcKuMAF4N9XHIjpE"}Array
(
)


{"orgId":1415400,"type":"user_availability_updated","data":{"userId":2127225,"availability":"AVAILABLE","updatedAt":1596733912828},"token":"3RFC7n3B8jKVo5C8XcKuMAF4N9XHIjpE"}Array
(
)


{"orgId":1415400,"type":"user_availability_updated","data":{"userId":2037621,"availability":"AVAILABLE","updatedAt":1596729857025},"token":"3RFC7n3B8jKVo5C8XcKuMAF4N9XHIjpE"}Array
(
)


{"orgId":1415400,"type":"user_availability_updated","data":{"userId":2127225,"availability":"OFFLINE","updatedAt":1596738433178},"token":"3RFC7n3B8jKVo5C8XcKuMAF4N9XHIjpE"}Array
(
)


{"orgId":1415400,"type":"user_availability_updated","data":{"userId":2037621,"availability":"OFFLINE","updatedAt":1596740592830},"token":"3RFC7n3B8jKVo5C8XcKuMAF4N9XHIjpE"}Array
(
)


{"orgId":1415400,"type":"user_availability_updated","data":{"userId":2037627,"availability":"OFFLINE","updatedAt":1596721139002},"token":"3RFC7n3B8jKVo5C8XcKuMAF4N9XHIjpE"}Array
(
)


{"orgId":1415400,"type":"user_availability_updated","data":{"userId":2115110,"availability":"AVAILABLE","updatedAt":1596686562079},"token":"3RFC7n3B8jKVo5C8XcKuMAF4N9XHIjpE"}Array
(
)


{"orgId":1415400,"type":"user_availability_updated","data":{"userId":2127225,"availability":"AVAILABLE","updatedAt":1596742100582},"token":"3RFC7n3B8jKVo5C8XcKuMAF4N9XHIjpE"}Array
(
)


{"orgId":1415400,"type":"user_availability_updated","data":{"userId":2054463,"availability":"OFFLINE","updatedAt":1596736890323},"token":"3RFC7n3B8jKVo5C8XcKuMAF4N9XHIjpE"}Array
(
)


{"orgId":1415400,"type":"user_availability_updated","data":{"userId":2058758,"availability":"OFFLINE","updatedAt":1596736718070},"token":"3RFC7n3B8jKVo5C8XcKuMAF4N9XHIjpE"}Array
(
)


{"orgId":1415400,"type":"user_availability_updated","data":{"userId":2127225,"availability":"OFFLINE","updatedAt":1596745355951},"token":"3RFC7n3B8jKVo5C8XcKuMAF4N9XHIjpE"}Array
(
)


{"orgId":1415400,"type":"user_availability_updated","data":{"userId":2127225,"availability":"AVAILABLE","updatedAt":1596754219199},"token":"3RFC7n3B8jKVo5C8XcKuMAF4N9XHIjpE"}Array
(
)


{"orgId":1415400,"type":"user_availability_updated","data":{"userId":2127225,"availability":"OFFLINE","updatedAt":1596754246894},"token":"3RFC7n3B8jKVo5C8XcKuMAF4N9XHIjpE"}Array
(
)


{"orgId":1415400,"type":"user_availability_updated","data":{"userId":2115110,"availability":"OFFLINE","updatedAt":1596744608385},"token":"3RFC7n3B8jKVo5C8XcKuMAF4N9XHIjpE"}Array
(
)


{"orgId":1415400,"type":"user_availability_updated","data":{"userId":2115108,"availability":"AVAILABLE","updatedAt":1596716747180},"token":"3RFC7n3B8jKVo5C8XcKuMAF4N9XHIjpE"}Array
(
)


{"orgId":1415400,"type":"user_availability_updated","data":{"userId":2115108,"availability":"OFFLINE","updatedAt":1596798769647},"token":"3RFC7n3B8jKVo5C8XcKuMAF4N9XHIjpE"}Array
(
)


{"orgId":1415400,"type":"user_availability_updated","data":{"userId":2088407,"availability":"OFFLINE","updatedAt":1596725214234},"token":"3RFC7n3B8jKVo5C8XcKuMAF4N9XHIjpE"}Array
(
)


{"orgId":1415400,"type":"user_availability_updated","data":{"userId":2054462,"availability":"AVAILABLE","updatedAt":1596735769738},"token":"3RFC7n3B8jKVo5C8XcKuMAF4N9XHIjpE"}Array
(
)


{"orgId":1415400,"type":"user_availability_updated","data":{"userId":2054460,"availability":"AVAILABLE","updatedAt":1596729402905},"token":"3RFC7n3B8jKVo5C8XcKuMAF4N9XHIjpE"}Array
(
)


{"orgId":1415400,"type":"user_availability_updated","data":{"userId":2054460,"availability":"OFFLINE","updatedAt":1596805658029},"token":"3RFC7n3B8jKVo5C8XcKuMAF4N9XHIjpE"}Array
(
)


{"orgId":1415400,"type":"user_availability_updated","data":{"userId":2054462,"availability":"OFFLINE","updatedAt":1596805532424},"token":"3RFC7n3B8jKVo5C8XcKuMAF4N9XHIjpE"}Array
(
)


{"orgId":1415400,"type":"user_availability_updated","data":{"userId":2127225,"availability":"AVAILABLE","updatedAt":1596754248094},"token":"3RFC7n3B8jKVo5C8XcKuMAF4N9XHIjpE"}Array
(
)


{"orgId":1415400,"type":"user_availability_updated","data":{"userId":2054460,"availability":"AVAILABLE","updatedAt":1596806391197},"token":"3RFC7n3B8jKVo5C8XcKuMAF4N9XHIjpE"}Array
(
)


{"orgId":1415400,"type":"user_availability_updated","data":{"userId":2054462,"availability":"AVAILABLE","updatedAt":1596808107895},"token":"3RFC7n3B8jKVo5C8XcKuMAF4N9XHIjpE"}Array
(
)


{"orgId":1415400,"type":"user_availability_updated","data":{"userId":2037621,"availability":"AVAILABLE","updatedAt":1596743315821},"token":"3RFC7n3B8jKVo5C8XcKuMAF4N9XHIjpE"}Array
(
)


{"orgId":1415400,"type":"user_availability_updated","data":{"userId":2088407,"availability":"AVAILABLE","updatedAt":1596805093204},"token":"3RFC7n3B8jKVo5C8XcKuMAF4N9XHIjpE"}Array
(
)


{"orgId":1415400,"type":"user_availability_updated","data":{"userId":2088407,"availability":"OFFLINE","updatedAt":1596813511418},"token":"3RFC7n3B8jKVo5C8XcKuMAF4N9XHIjpE"}Array
(
)


{"orgId":1415400,"type":"user_availability_updated","data":{"userId":2054460,"availability":"OFFLINE","updatedAt":1596809029887},"token":"3RFC7n3B8jKVo5C8XcKuMAF4N9XHIjpE"}Array
(
)


{"orgId":1415400,"type":"user_availability_updated","data":{"userId":2127225,"availability":"OFFLINE","updatedAt":1596808410813},"token":"3RFC7n3B8jKVo5C8XcKuMAF4N9XHIjpE"}Array
(
)


{"orgId":1415400,"type":"user_availability_updated","data":{"userId":2037621,"availability":"OFFLINE","updatedAt":1596812663424},"token":"3RFC7n3B8jKVo5C8XcKuMAF4N9XHIjpE"}Array
(
)


{"orgId":1415400,"type":"user_availability_updated","data":{"userId":2037627,"availability":"AVAILABLE","updatedAt":1596743341056},"token":"3RFC7n3B8jKVo5C8XcKuMAF4N9XHIjpE"}Array
(
)


{"orgId":1415400,"type":"user_availability_updated","data":{"userId":2054462,"availability":"OFFLINE","updatedAt":1596811657021},"token":"3RFC7n3B8jKVo5C8XcKuMAF4N9XHIjpE"}Array
(
)


{"orgId":1415400,"type":"user_availability_updated","data":{"userId":2127225,"availability":"AVAILABLE","updatedAt":1596816086127},"token":"3RFC7n3B8jKVo5C8XcKuMAF4N9XHIjpE"}Array
(
)


{"orgId":1415400,"type":"user_availability_updated","data":{"userId":2058758,"availability":"AVAILABLE","updatedAt":1596747689327},"token":"3RFC7n3B8jKVo5C8XcKuMAF4N9XHIjpE"}Array
(
)


{"orgId":1415400,"type":"user_availability_updated","data":{"userId":2037627,"availability":"OFFLINE","updatedAt":1596819294812},"token":"3RFC7n3B8jKVo5C8XcKuMAF4N9XHIjpE"}Array
(
)


{"orgId":1415400,"type":"user_availability_updated","data":{"userId":2084614,"availability":"AVAILABLE","updatedAt":1596640421101},"token":"3RFC7n3B8jKVo5C8XcKuMAF4N9XHIjpE"}Array
(
)


{"orgId":1415400,"type":"user_availability_updated","data":{"userId":2037621,"availability":"AVAILABLE","updatedAt":1596818449886},"token":"3RFC7n3B8jKVo5C8XcKuMAF4N9XHIjpE"}Array
(
)


{"orgId":1415400,"type":"user_availability_updated","data":{"userId":2037627,"availability":"AVAILABLE","updatedAt":1596823807192},"token":"3RFC7n3B8jKVo5C8XcKuMAF4N9XHIjpE"}Array
(
)


{"orgId":1415400,"type":"user_availability_updated","data":{"userId":2054459,"availability":"AVAILABLE","updatedAt":1596661336117},"token":"3RFC7n3B8jKVo5C8XcKuMAF4N9XHIjpE"}Array
(
)


{"orgId":1415400,"type":"user_availability_updated","data":{"userId":2084614,"availability":"OFFLINE","updatedAt":1596825007031},"token":"3RFC7n3B8jKVo5C8XcKuMAF4N9XHIjpE"}Array
(
)


{"orgId":1415400,"type":"user_availability_updated","data":{"userId":2127225,"availability":"OFFLINE","updatedAt":1596822418892},"token":"3RFC7n3B8jKVo5C8XcKuMAF4N9XHIjpE"}Array
(
)


{"orgId":1415400,"type":"user_availability_updated","data":{"userId":2115110,"availability":"AVAILABLE","updatedAt":1596772759897},"token":"3RFC7n3B8jKVo5C8XcKuMAF4N9XHIjpE"}Array
(
)


{"orgId":1415400,"type":"user_availability_updated","data":{"userId":2127225,"availability":"AVAILABLE","updatedAt":1596828878012},"token":"3RFC7n3B8jKVo5C8XcKuMAF4N9XHIjpE"}Array
(
)


{"orgId":1415400,"type":"user_availability_updated","data":{"userId":2127225,"availability":"OFFLINE","updatedAt":1596830534588},"token":"3RFC7n3B8jKVo5C8XcKuMAF4N9XHIjpE"}Array
(
)


{"orgId":1415400,"type":"user_availability_updated","data":{"userId":2127225,"availability":"AVAILABLE","updatedAt":1596832357378},"token":"3RFC7n3B8jKVo5C8XcKuMAF4N9XHIjpE"}Array
(
)


{"orgId":1415400,"type":"user_availability_updated","data":{"userId":2058758,"availability":"OFFLINE","updatedAt":1596823395922},"token":"3RFC7n3B8jKVo5C8XcKuMAF4N9XHIjpE"}Array
(
)


{"orgId":1415400,"type":"user_availability_updated","data":{"userId":2054459,"availability":"OFFLINE","updatedAt":1596828833203},"token":"3RFC7n3B8jKVo5C8XcKuMAF4N9XHIjpE"}Array
(
)


{"orgId":1415400,"type":"user_availability_updated","data":{"userId":2037627,"availability":"OFFLINE","updatedAt":1596827242801},"token":"3RFC7n3B8jKVo5C8XcKuMAF4N9XHIjpE"}Array
(
)


{"orgId":1415400,"type":"user_availability_updated","data":{"userId":2127225,"availability":"OFFLINE","updatedAt":1596833712368},"token":"3RFC7n3B8jKVo5C8XcKuMAF4N9XHIjpE"}Array
(
)


{"orgId":1415400,"type":"user_availability_updated","data":{"userId":2115110,"availability":"OFFLINE","updatedAt":1596829941591},"token":"3RFC7n3B8jKVo5C8XcKuMAF4N9XHIjpE"}Array
(
)


{"orgId":1415400,"type":"user_availability_updated","data":{"userId":2115111,"availability":"AVAILABLE","updatedAt":1596686331302},"token":"3RFC7n3B8jKVo5C8XcKuMAF4N9XHIjpE"}Array
(
)


{"orgId":1415400,"type":"user_availability_updated","data":{"userId":2115111,"availability":"OFFLINE","updatedAt":1596858967399},"token":"3RFC7n3B8jKVo5C8XcKuMAF4N9XHIjpE"}Array
(
)


{"orgId":1415400,"type":"user_availability_updated","data":{"userId":2115109,"availability":"AVAILABLE","updatedAt":1596657203123},"token":"3RFC7n3B8jKVo5C8XcKuMAF4N9XHIjpE"}Array
(
)


{"orgId":1415400,"type":"user_availability_updated","data":{"userId":2115113,"availability":"AVAILABLE","updatedAt":1596483983262},"token":"3RFC7n3B8jKVo5C8XcKuMAF4N9XHIjpE"}Array
(
)


{"orgId":1415400,"type":"user_availability_updated","data":{"userId":2115113,"availability":"OFFLINE","updatedAt":1596903081018},"token":"3RFC7n3B8jKVo5C8XcKuMAF4N9XHIjpE"}Array
(
)


{"orgId":1415400,"type":"user_availability_updated","data":{"userId":2115109,"availability":"OFFLINE","updatedAt":1596888782540},"token":"3RFC7n3B8jKVo5C8XcKuMAF4N9XHIjpE"}Array
(
)


{"orgId":1415400,"type":"user_availability_updated","data":{"userId":2115109,"availability":"AVAILABLE","updatedAt":1596911269605},"token":"3RFC7n3B8jKVo5C8XcKuMAF4N9XHIjpE"}Array
(
)


{"orgId":1415400,"type":"user_availability_updated","data":{"userId":2115109,"availability":"OFFLINE","updatedAt":1596916738353},"token":"3RFC7n3B8jKVo5C8XcKuMAF4N9XHIjpE"}Array
(
)


{"orgId":1415400,"type":"user_availability_updated","data":{"userId":2115111,"availability":"AVAILABLE","updatedAt":1596887997046},"token":"3RFC7n3B8jKVo5C8XcKuMAF4N9XHIjpE"}Array
(
)


{"orgId":1415400,"type":"user_availability_updated","data":{"userId":2115109,"availability":"AVAILABLE","updatedAt":1596916746828},"token":"3RFC7n3B8jKVo5C8XcKuMAF4N9XHIjpE"}Array
(
)


{"orgId":1415400,"type":"user_availability_updated","data":{"userId":2115113,"availability":"AVAILABLE","updatedAt":1596908295082},"token":"3RFC7n3B8jKVo5C8XcKuMAF4N9XHIjpE"}Array
(
)


{"orgId":1415400,"type":"user_availability_updated","data":{"userId":2115113,"availability":"OFFLINE","updatedAt":1596979630500},"token":"3RFC7n3B8jKVo5C8XcKuMAF4N9XHIjpE"}Array
(
)


{"orgId":1415400,"type":"user_availability_updated","data":{"userId":2115109,"availability":"OFFLINE","updatedAt":1596974925683},"token":"3RFC7n3B8jKVo5C8XcKuMAF4N9XHIjpE"}Array
(
)


{"orgId":1415400,"type":"user_availability_updated","data":{"userId":2115109,"availability":"AVAILABLE","updatedAt":1596994279128},"token":"3RFC7n3B8jKVo5C8XcKuMAF4N9XHIjpE"}Array
(
)


{"orgId":1415400,"type":"user_availability_updated","data":{"userId":2037621,"availability":"OFFLINE","updatedAt":1596825895490},"token":"3RFC7n3B8jKVo5C8XcKuMAF4N9XHIjpE"}Array
(
)


{"orgId":1415400,"type":"user_availability_updated","data":{"userId":2115109,"availability":"OFFLINE","updatedAt":1596996052889},"token":"3RFC7n3B8jKVo5C8XcKuMAF4N9XHIjpE"}Array
(
)


{"orgId":1415400,"type":"user_availability_updated","data":{"userId":2115113,"availability":"AVAILABLE","updatedAt":1596992170267},"token":"3RFC7n3B8jKVo5C8XcKuMAF4N9XHIjpE"}Array
(
)


{"orgId":1415400,"type":"user_availability_updated","data":{"userId":2115113,"availability":"OFFLINE","updatedAt":1597003030578},"token":"3RFC7n3B8jKVo5C8XcKuMAF4N9XHIjpE"}Array
(
)


{"orgId":1415400,"type":"user_availability_updated","data":{"userId":2115108,"availability":"AVAILABLE","updatedAt":1596801249755},"token":"3RFC7n3B8jKVo5C8XcKuMAF4N9XHIjpE"}Array
(
)


{"orgId":1415400,"type":"user_availability_updated","data":{"userId":2115109,"availability":"AVAILABLE","updatedAt":1597002507556},"token":"3RFC7n3B8jKVo5C8XcKuMAF4N9XHIjpE"}Array
(
)


{"orgId":1415400,"type":"user_availability_updated","data":{"userId":2115108,"availability":"OFFLINE","updatedAt":1597057395221},"token":"3RFC7n3B8jKVo5C8XcKuMAF4N9XHIjpE"}Array
(
)


{"orgId":1415400,"type":"user_availability_updated","data":{"userId":2115109,"availability":"OFFLINE","updatedAt":1597060563425},"token":"3RFC7n3B8jKVo5C8XcKuMAF4N9XHIjpE"}Array
(
)


{"orgId":1415400,"type":"user_availability_updated","data":{"userId":2115109,"availability":"AVAILABLE","updatedAt":1597063817109},"token":"3RFC7n3B8jKVo5C8XcKuMAF4N9XHIjpE"}Array
(
)


{"orgId":1415400,"type":"user_availability_updated","data":{"userId":2037621,"availability":"AVAILABLE","updatedAt":1596999393577},"token":"3RFC7n3B8jKVo5C8XcKuMAF4N9XHIjpE"}Array
(
)


{"orgId":1415400,"type":"user_availability_updated","data":{"userId":2037627,"availability":"AVAILABLE","updatedAt":1596834219778},"token":"3RFC7n3B8jKVo5C8XcKuMAF4N9XHIjpE"}Array
(
)


{"orgId":1415400,"type":"user_availability_updated","data":{"userId":2058758,"availability":"AVAILABLE","updatedAt":1596834004312},"token":"3RFC7n3B8jKVo5C8XcKuMAF4N9XHIjpE"}Array
(
)


{"orgId":1415400,"type":"user_availability_updated","data":{"userId":2037618,"availability":"AVAILABLE","updatedAt":1596660928411},"token":"3RFC7n3B8jKVo5C8XcKuMAF4N9XHIjpE"}Array
(
)


{"orgId":1415400,"type":"user_availability_updated","data":{"userId":2127225,"availability":"AVAILABLE","updatedAt":1596837755741},"token":"3RFC7n3B8jKVo5C8XcKuMAF4N9XHIjpE"}Array
(
)


{"orgId":1415400,"type":"user_availability_updated","data":{"userId":2127225,"availability":"OFFLINE","updatedAt":1597068014069},"token":"3RFC7n3B8jKVo5C8XcKuMAF4N9XHIjpE"}Array
(
)


{"orgId":1415400,"type":"user_availability_updated","data":{"userId":2127225,"availability":"AVAILABLE","updatedAt":1597068652383},"token":"3RFC7n3B8jKVo5C8XcKuMAF4N9XHIjpE"}Array
(
)


{"orgId":1415400,"type":"user_availability_updated","data":{"userId":2037627,"availability":"OFFLINE","updatedAt":1597067364038},"token":"3RFC7n3B8jKVo5C8XcKuMAF4N9XHIjpE"}Array
(
)


{"orgId":1415400,"type":"user_availability_updated","data":{"userId":2037627,"availability":"AVAILABLE","updatedAt":1597069542333},"token":"3RFC7n3B8jKVo5C8XcKuMAF4N9XHIjpE"}Array
(
)


{"orgId":1415400,"type":"user_availability_updated","data":{"userId":2088407,"availability":"AVAILABLE","updatedAt":1596814509345},"token":"3RFC7n3B8jKVo5C8XcKuMAF4N9XHIjpE"}Array
(
)


{"orgId":1415400,"type":"user_availability_updated","data":{"userId":2037627,"availability":"OFFLINE","updatedAt":1597070358426},"token":"3RFC7n3B8jKVo5C8XcKuMAF4N9XHIjpE"}Array
(
)


{"orgId":1415400,"type":"user_availability_updated","data":{"userId":2054459,"availability":"AVAILABLE","updatedAt":1596834039795},"token":"3RFC7n3B8jKVo5C8XcKuMAF4N9XHIjpE"}Array
(
)


{"orgId":1415400,"type":"user_availability_updated","data":{"userId":2115113,"availability":"AVAILABLE","updatedAt":1597003031070},"token":"3RFC7n3B8jKVo5C8XcKuMAF4N9XHIjpE"}Array
(
)


{"orgId":1415400,"type":"user_availability_updated","data":{"userId":2054459,"availability":"OFFLINE","updatedAt":1597073903224},"token":"3RFC7n3B8jKVo5C8XcKuMAF4N9XHIjpE"}Array
(
)


{"orgId":1415400,"type":"user_availability_updated","data":{"userId":2054459,"availability":"AVAILABLE","updatedAt":1597074315398},"token":"3RFC7n3B8jKVo5C8XcKuMAF4N9XHIjpE"}Array
(
)


{"orgId":1415400,"type":"user_availability_updated","data":{"userId":2054459,"availability":"OFFLINE","updatedAt":1597074339562},"token":"3RFC7n3B8jKVo5C8XcKuMAF4N9XHIjpE"}Array
(
)


{"orgId":1415400,"type":"user_availability_updated","data":{"userId":2054459,"availability":"AVAILABLE","updatedAt":1597074411798},"token":"3RFC7n3B8jKVo5C8XcKuMAF4N9XHIjpE"}Array
(
)


{"orgId":1415400,"type":"user_availability_updated","data":{"userId":2127225,"availability":"OFFLINE","updatedAt":1597069344181},"token":"3RFC7n3B8jKVo5C8XcKuMAF4N9XHIjpE"}Array
(
)


{"orgId":1415400,"type":"user_availability_updated","data":{"userId":2058758,"availability":"OFFLINE","updatedAt":1597067426401},"token":"3RFC7n3B8jKVo5C8XcKuMAF4N9XHIjpE"}Array
(
)


{"orgId":1415400,"type":"user_availability_updated","data":{"userId":2037627,"availability":"AVAILABLE","updatedAt":1597073490592},"token":"3RFC7n3B8jKVo5C8XcKuMAF4N9XHIjpE"}Array
(
)


{"orgId":1415400,"type":"user_availability_updated","data":{"userId":2037618,"availability":"OFFLINE","updatedAt":1597067940982},"token":"3RFC7n3B8jKVo5C8XcKuMAF4N9XHIjpE"}Array
(
)


{"orgId":1415400,"type":"user_availability_updated","data":{"userId":2127225,"availability":"AVAILABLE","updatedAt":1597076210658},"token":"3RFC7n3B8jKVo5C8XcKuMAF4N9XHIjpE"}Array
(
)


{"orgId":1415400,"type":"user_availability_updated","data":{"userId":2127225,"availability":"OFFLINE","updatedAt":1597081570584},"token":"3RFC7n3B8jKVo5C8XcKuMAF4N9XHIjpE"}Array
(
)


{"orgId":1415400,"type":"user_availability_updated","data":{"userId":2127225,"availability":"AVAILABLE","updatedAt":1597081655331},"token":"3RFC7n3B8jKVo5C8XcKuMAF4N9XHIjpE"}Array
(
)


{"orgId":1415400,"type":"user_availability_updated","data":{"userId":2127225,"availability":"OFFLINE","updatedAt":1597081746792},"token":"3RFC7n3B8jKVo5C8XcKuMAF4N9XHIjpE"}Array
(
)


{"orgId":1415400,"type":"user_availability_updated","data":{"userId":2115109,"availability":"OFFLINE","updatedAt":1597066547174},"token":"3RFC7n3B8jKVo5C8XcKuMAF4N9XHIjpE"}Array
(
)


{"orgId":1415400,"type":"user_availability_updated","data":{"userId":2054463,"availability":"AVAILABLE","updatedAt":1596746936685},"token":"3RFC7n3B8jKVo5C8XcKuMAF4N9XHIjpE"}Array
(
)


{"orgId":1415400,"type":"user_availability_updated","data":{"userId":2037627,"availability":"OFFLINE","updatedAt":1597077934595},"token":"3RFC7n3B8jKVo5C8XcKuMAF4N9XHIjpE"}Array
(
)


{"orgId":1415400,"type":"user_availability_updated","data":{"userId":2054459,"availability":"OFFLINE","updatedAt":1597074457824},"token":"3RFC7n3B8jKVo5C8XcKuMAF4N9XHIjpE"}Array
(
)


{"orgId":1415400,"type":"user_availability_updated","data":{"userId":2037618,"availability":"AVAILABLE","updatedAt":1597080690502},"token":"3RFC7n3B8jKVo5C8XcKuMAF4N9XHIjpE"}Array
(
)


{"orgId":1415400,"type":"user_availability_updated","data":{"userId":2115109,"availability":"AVAILABLE","updatedAt":1597082245163},"token":"3RFC7n3B8jKVo5C8XcKuMAF4N9XHIjpE"}Array
(
)


{"orgId":1415400,"type":"user_availability_updated","data":{"userId":2127225,"availability":"AVAILABLE","updatedAt":1597081806827},"token":"3RFC7n3B8jKVo5C8XcKuMAF4N9XHIjpE"}Array
(
)


{"orgId":1415400,"type":"user_availability_updated","data":{"userId":2127225,"availability":"OFFLINE","updatedAt":1597085685788},"token":"3RFC7n3B8jKVo5C8XcKuMAF4N9XHIjpE"}Array
(
)


{"orgId":1415400,"type":"user_availability_updated","data":{"userId":2037618,"availability":"OFFLINE","updatedAt":1597084113816},"token":"3RFC7n3B8jKVo5C8XcKuMAF4N9XHIjpE"}Array
(
)


{"orgId":1415400,"type":"user_availability_updated","data":{"userId":2127225,"availability":"AVAILABLE","updatedAt":1597087287698},"token":"3RFC7n3B8jKVo5C8XcKuMAF4N9XHIjpE"}Array
(
)


{"orgId":1415400,"type":"user_availability_updated","data":{"userId":2088407,"availability":"OFFLINE","updatedAt":1597070763977},"token":"3RFC7n3B8jKVo5C8XcKuMAF4N9XHIjpE"}Array
(
)


{"orgId":1415400,"type":"user_availability_updated","data":{"userId":2115110,"availability":"AVAILABLE","updatedAt":1596858830458},"token":"3RFC7n3B8jKVo5C8XcKuMAF4N9XHIjpE"}Array
(
)


{"orgId":1415400,"type":"user_availability_updated","data":{"userId":2115113,"availability":"OFFLINE","updatedAt":1597074147006},"token":"3RFC7n3B8jKVo5C8XcKuMAF4N9XHIjpE"}Array
(
)


{"orgId":1415400,"type":"user_availability_updated","data":{"userId":2115109,"availability":"OFFLINE","updatedAt":1597085021230},"token":"3RFC7n3B8jKVo5C8XcKuMAF4N9XHIjpE"}Array
(
)


{"orgId":1415400,"type":"user_availability_updated","data":{"userId":2088407,"availability":"AVAILABLE","updatedAt":1597088366767},"token":"3RFC7n3B8jKVo5C8XcKuMAF4N9XHIjpE"}Array
(
)


{"orgId":1415400,"type":"user_availability_updated","data":{"userId":2054459,"availability":"AVAILABLE","updatedAt":1597083939276},"token":"3RFC7n3B8jKVo5C8XcKuMAF4N9XHIjpE"}Array
(
)


{"orgId":1415400,"type":"user_availability_updated","data":{"userId":2054463,"availability":"OFFLINE","updatedAt":1597082440219},"token":"3RFC7n3B8jKVo5C8XcKuMAF4N9XHIjpE"}Array
(
)


{"orgId":1415400,"type":"user_availability_updated","data":{"userId":2054463,"availability":"AVAILABLE","updatedAt":1597090224960},"token":"3RFC7n3B8jKVo5C8XcKuMAF4N9XHIjpE"}Array
(
)


{"orgId":1415400,"type":"user_availability_updated","data":{"userId":2054463,"availability":"OFFLINE","updatedAt":1597090885666},"token":"3RFC7n3B8jKVo5C8XcKuMAF4N9XHIjpE"}Array
(
)


{"orgId":1415400,"type":"user_availability_updated","data":{"userId":2054459,"availability":"OFFLINE","updatedAt":1597089559638},"token":"3RFC7n3B8jKVo5C8XcKuMAF4N9XHIjpE"}Array
(
)


{"orgId":1415400,"type":"user_availability_updated","data":{"userId":2088407,"availability":"OFFLINE","updatedAt":1597089516579},"token":"3RFC7n3B8jKVo5C8XcKuMAF4N9XHIjpE"}Array
(
)


{"orgId":1415400,"type":"user_availability_updated","data":{"userId":2127225,"availability":"OFFLINE","updatedAt":1597088294724},"token":"3RFC7n3B8jKVo5C8XcKuMAF4N9XHIjpE"}Array
(
)


{"orgId":1415400,"type":"user_availability_updated","data":{"userId":2115110,"availability":"OFFLINE","updatedAt":1597089001234},"token":"3RFC7n3B8jKVo5C8XcKuMAF4N9XHIjpE"}Array
(
)


{"orgId":1415400,"type":"user_availability_updated","data":{"userId":2115108,"availability":"AVAILABLE","updatedAt":1597060658268},"token":"3RFC7n3B8jKVo5C8XcKuMAF4N9XHIjpE"}Array
(
)


{"orgId":1415400,"type":"user_availability_updated","data":{"userId":2115109,"availability":"AVAILABLE","updatedAt":1597089096406},"token":"3RFC7n3B8jKVo5C8XcKuMAF4N9XHIjpE"}Array
(
)


{"orgId":1415400,"type":"user_availability_updated","data":{"userId":2115108,"availability":"OFFLINE","updatedAt":1597145220807},"token":"3RFC7n3B8jKVo5C8XcKuMAF4N9XHIjpE"}Array
(
)


{"orgId":1415400,"type":"user_availability_updated","data":{"userId":2084614,"availability":"AVAILABLE","updatedAt":1596828863369},"token":"3RFC7n3B8jKVo5C8XcKuMAF4N9XHIjpE"}Array
(
)


{"orgId":1415400,"type":"user_availability_updated","data":{"userId":2054462,"availability":"AVAILABLE","updatedAt":1596821286003},"token":"3RFC7n3B8jKVo5C8XcKuMAF4N9XHIjpE"}Array
(
)


{"orgId":1415400,"type":"user_availability_updated","data":{"userId":2115111,"availability":"OFFLINE","updatedAt":1596945287761},"token":"3RFC7n3B8jKVo5C8XcKuMAF4N9XHIjpE"}Array
(
)


{"orgId":1415400,"type":"user_availability_updated","data":{"userId":2037627,"availability":"AVAILABLE","updatedAt":1597082905345},"token":"3RFC7n3B8jKVo5C8XcKuMAF4N9XHIjpE"}Array
(
)


{"orgId":1415400,"type":"user_availability_updated","data":{"userId":2054462,"availability":"OFFLINE","updatedAt":1597151467156},"token":"3RFC7n3B8jKVo5C8XcKuMAF4N9XHIjpE"}Array
(
)


{"orgId":1415400,"type":"user_availability_updated","data":{"userId":2127225,"availability":"AVAILABLE","updatedAt":1597100542102},"token":"3RFC7n3B8jKVo5C8XcKuMAF4N9XHIjpE"}Array
(
)


{"orgId":1415400,"type":"user_availability_updated","data":{"userId":2088407,"availability":"AVAILABLE","updatedAt":1597093971282},"token":"3RFC7n3B8jKVo5C8XcKuMAF4N9XHIjpE"}Array
(
)


{"orgId":1415400,"type":"user_availability_updated","data":{"userId":2054462,"availability":"AVAILABLE","updatedAt":1597153489451},"token":"3RFC7n3B8jKVo5C8XcKuMAF4N9XHIjpE"}Array
(
)


{"orgId":1415400,"type":"user_availability_updated","data":{"userId":2088407,"availability":"OFFLINE","updatedAt":1597155148070},"token":"3RFC7n3B8jKVo5C8XcKuMAF4N9XHIjpE"}Array
(
)


{"orgId":1415400,"type":"user_availability_updated","data":{"userId":2127225,"availability":"OFFLINE","updatedAt":1597154667181},"token":"3RFC7n3B8jKVo5C8XcKuMAF4N9XHIjpE"}Array
(
)


{"orgId":1415400,"type":"user_availability_updated","data":{"userId":2037621,"availability":"OFFLINE","updatedAt":1597066778538},"token":"3RFC7n3B8jKVo5C8XcKuMAF4N9XHIjpE"}Array
(
)


{"orgId":1415400,"type":"user_availability_updated","data":{"userId":2084614,"availability":"OFFLINE","updatedAt":1597150855571},"token":"3RFC7n3B8jKVo5C8XcKuMAF4N9XHIjpE"}Array
(
)


{"orgId":1415400,"type":"user_availability_updated","data":{"userId":2088407,"availability":"AVAILABLE","updatedAt":1597156682919},"token":"3RFC7n3B8jKVo5C8XcKuMAF4N9XHIjpE"}Array
(
)


{"orgId":1415400,"type":"user_availability_updated","data":{"userId":2127225,"availability":"AVAILABLE","updatedAt":1597157584466},"token":"3RFC7n3B8jKVo5C8XcKuMAF4N9XHIjpE"}Array
(
)


{"orgId":1415400,"type":"user_availability_updated","data":{"userId":2037627,"availability":"OFFLINE","updatedAt":1597153345076},"token":"3RFC7n3B8jKVo5C8XcKuMAF4N9XHIjpE"}Array
(
)


{"orgId":1415400,"type":"user_availability_updated","data":{"userId":2127225,"availability":"OFFLINE","updatedAt":1597160770216},"token":"3RFC7n3B8jKVo5C8XcKuMAF4N9XHIjpE"}Array
(
)


{"orgId":1415400,"type":"user_availability_updated","data":{"userId":2054462,"availability":"OFFLINE","updatedAt":1597156648073},"token":"3RFC7n3B8jKVo5C8XcKuMAF4N9XHIjpE"}Array
(
)


{"orgId":1415400,"type":"user_availability_updated","data":{"userId":2054462,"availability":"AVAILABLE","updatedAt":1597163603678},"token":"3RFC7n3B8jKVo5C8XcKuMAF4N9XHIjpE"}Array
(
)


{"orgId":1415400,"type":"user_availability_updated","data":{"userId":2127225,"availability":"AVAILABLE","updatedAt":1597162877267},"token":"3RFC7n3B8jKVo5C8XcKuMAF4N9XHIjpE"}